<?xml version="1.0" encoding="UTF-8"?>
<testsuites>
  <testsuite name="fastlane.lanes">
    
      
      <testcase classname="fastlane.lanes" name="0: Verifying required fastlane version" time="0.000502">
        
      </testcase>
    
      
      <testcase classname="fastlane.lanes" name="1: default_platform" time="0.000287">
        
      </testcase>
    
      
      <testcase classname="fastlane.lanes" name="2: gradle" time="3.288076">
        
          <failure message="/Library/Ruby/Gems/2.0.0/gems/fastlane-1.89.0/lib/fastlane/actions/actions_helper.rb:33:in `execute_action'&#10;/Library/Ruby/Gems/2.0.0/gems/fastlane-1.89.0/lib/fastlane/runner.rb:162:in `block in execute_action'&#10;/Library/Ruby/Gems/2.0.0/gems/fastlane-1.89.0/lib/fastlane/runner.rb:161:in `chdir'&#10;/Library/Ruby/Gems/2.0.0/gems/fastlane-1.89.0/lib/fastlane/runner.rb:161:in `execute_action'&#10;/Library/Ruby/Gems/2.0.0/gems/fastlane-1.89.0/lib/fastlane/runner.rb:109:in `trigger_action_by_name'&#10;/Library/Ruby/Gems/2.0.0/gems/fastlane-1.89.0/lib/fastlane/fast_file.rb:140:in `method_missing'&#10;Fastfile:54:in `block (2 levels) in parsing_binding'&#10;/Library/Ruby/Gems/2.0.0/gems/fastlane-1.89.0/lib/fastlane/lane.rb:33:in `call'&#10;/Library/Ruby/Gems/2.0.0/gems/fastlane-1.89.0/lib/fastlane/lane.rb:33:in `call'&#10;/Library/Ruby/Gems/2.0.0/gems/fastlane-1.89.0/lib/fastlane/runner.rb:50:in `block in execute'&#10;/Library/Ruby/Gems/2.0.0/gems/fastlane-1.89.0/lib/fastlane/runner.rb:46:in `chdir'&#10;/Library/Ruby/Gems/2.0.0/gems/fastlane-1.89.0/lib/fastlane/runner.rb:46:in `execute'&#10;/Library/Ruby/Gems/2.0.0/gems/fastlane-1.89.0/lib/fastlane/lane_manager.rb:46:in `cruise_lane'&#10;/Library/Ruby/Gems/2.0.0/gems/fastlane-1.89.0/lib/fastlane/command_line_handler.rb:30:in `handle'&#10;/Library/Ruby/Gems/2.0.0/gems/fastlane-1.89.0/lib/fastlane/commands_generator.rb:42:in `block (2 levels) in run'&#10;/Library/Ruby/Gems/2.0.0/gems/commander-4.3.5/lib/commander/command.rb:178:in `call'&#10;/Library/Ruby/Gems/2.0.0/gems/commander-4.3.5/lib/commander/command.rb:178:in `call'&#10;/Library/Ruby/Gems/2.0.0/gems/commander-4.3.5/lib/commander/command.rb:153:in `run'&#10;/Library/Ruby/Gems/2.0.0/gems/commander-4.3.5/lib/commander/runner.rb:428:in `run_active_command'&#10;/Library/Ruby/Gems/2.0.0/gems/fastlane_core-0.43.5/lib/fastlane_core/ui/fastlane_runner.rb:26:in `run!'&#10;/Library/Ruby/Gems/2.0.0/gems/commander-4.3.5/lib/commander/delegates.rb:15:in `run!'&#10;/Library/Ruby/Gems/2.0.0/gems/fastlane-1.89.0/lib/fastlane/commands_generator.rb:175:in `run'&#10;/Library/Ruby/Gems/2.0.0/gems/fastlane-1.89.0/lib/fastlane/commands_generator.rb:13:in `start'&#10;/Library/Ruby/Gems/2.0.0/gems/fastlane-1.89.0/lib/fastlane/cli_tools_distributor.rb:47:in `take_off'&#10;/Library/Ruby/Gems/2.0.0/gems/fastlane-1.89.0/bin/fastlane:5:in `&lt;top (required)&gt;'&#10;/usr/local/bin/fastlane:23:in `load'&#10;/usr/local/bin/fastlane:23:in `&lt;main&gt;'&#10;&#10;Exit status of command '/Users/simonvergauwen/appfoundry/Android-Fastlane/gradlew assemble -PbuildNumber=&quot;0&quot; -PstorePassword=&quot;test&quot; -PkeyPassword=&quot;test&quot;  -p .' was 1 instead of 0.&#10;Incremental java compilation is an incubating feature.&#10;Jack is required to support java 8 language features.&#10;Jack is required to support java 8 language features.&#10;:app:preBuild UP-TO-DATE&#10;:app:preDebugBuild UP-TO-DATE&#10;:app:checkDebugManifest&#10;:app:preReleaseBuild UP-TO-DATE&#10;:core:preBuild UP-TO-DATE&#10;:core:preReleaseBuild UP-TO-DATE&#10;:core:compileReleaseNdk UP-TO-DATE&#10;:core:compileLint&#10;:core:copyReleaseLint UP-TO-DATE&#10;:core:checkReleaseManifest&#10;:core:preDebugAndroidTestBuild UP-TO-DATE&#10;:core:preDebugBuild UP-TO-DATE&#10;:core:preDebugUnitTestBuild UP-TO-DATE&#10;:core:preReleaseUnitTestBuild UP-TO-DATE&#10;:core:prepareComAndroidSupportAnimatedVectorDrawable2330Library UP-TO-DATE&#10;:core:prepareComAndroidSupportAppcompatV72330Library UP-TO-DATE&#10;:core:prepareComAndroidSupportSupportV42330Library UP-TO-DATE&#10;:core:prepareComAndroidSupportSupportVectorDrawable2330Library UP-TO-DATE&#10;:core:prepareIoReactivexRxandroid110Library UP-TO-DATE&#10;:core:prepareReleaseDependencies&#10;:core:compileReleaseAidl UP-TO-DATE&#10;:core:compileReleaseRenderscript UP-TO-DATE&#10;:core:generateReleaseBuildConfig UP-TO-DATE&#10;:core:mergeReleaseShaders UP-TO-DATE&#10;:core:compileReleaseShaders UP-TO-DATE&#10;:core:generateReleaseAssets UP-TO-DATE&#10;:core:mergeReleaseAssets UP-TO-DATE&#10;:core:generateReleaseResValues UP-TO-DATE&#10;:core:generateReleaseResources UP-TO-DATE&#10;:core:packageReleaseResources UP-TO-DATE&#10;:core:processReleaseManifest UP-TO-DATE&#10;:core:processReleaseResources UP-TO-DATE&#10;:core:generateReleaseSources UP-TO-DATE&#10;:core:incrementalReleaseJavaCompilationSafeguard UP-TO-DATE&#10;:core:compileReleaseJavaWithJavac UP-TO-DATE&#10;:core:extractReleaseAnnotations UP-TO-DATE&#10;:core:mergeReleaseProguardFiles UP-TO-DATE&#10;:core:packageReleaseRenderscript UP-TO-DATE&#10;:core:processReleaseJavaRes UP-TO-DATE&#10;:core:transformResourcesWithMergeJavaResForRelease UP-TO-DATE&#10;:core:transformClassesAndResourcesWithSyncLibJarsForRelease UP-TO-DATE&#10;:core:mergeReleaseJniLibFolders UP-TO-DATE&#10;:core:transformNative_libsWithMergeJniLibsForRelease UP-TO-DATE&#10;:core:transformNative_libsWithSyncJniLibsForRelease UP-TO-DATE&#10;:core:bundleRelease UP-TO-DATE&#10;:app:prepareAndroidFastlaneCoreUnspecifiedLibrary UP-TO-DATE&#10;:app:prepareComAndroidSupportAnimatedVectorDrawable2330Library UP-TO-DATE&#10;:app:prepareComAndroidSupportAppcompatV72330Library UP-TO-DATE&#10;:app:prepareComAndroidSupportDesign2330Library UP-TO-DATE&#10;:app:prepareComAndroidSupportRecyclerviewV72330Library UP-TO-DATE&#10;:app:prepareComAndroidSupportSupportV42330Library UP-TO-DATE&#10;:app:prepareComAndroidSupportSupportVectorDrawable2330Library UP-TO-DATE&#10;:app:prepareComCrashlyticsSdkAndroidAnswers136Library UP-TO-DATE&#10;:app:prepareComCrashlyticsSdkAndroidBeta114Library UP-TO-DATE&#10;:app:prepareComCrashlyticsSdkAndroidCrashlytics255Library UP-TO-DATE&#10;:app:prepareComCrashlyticsSdkAndroidCrashlyticsCore238Library UP-TO-DATE&#10;:app:prepareComJakewhartonButterknife801Library UP-TO-DATE&#10;:app:prepareIoFabricSdkAndroidFabric1310Library UP-TO-DATE&#10;:app:prepareIoReactivexRxandroid110Library UP-TO-DATE&#10;:app:prepareDebugDependencies&#10;:app:compileDebugAidl UP-TO-DATE&#10;:app:compileDebugRenderscript UP-TO-DATE&#10;:app:generateDebugBuildConfig UP-TO-DATE&#10;:app:mergeDebugShaders UP-TO-DATE&#10;:app:compileDebugShaders UP-TO-DATE&#10;:app:generateDebugAssets UP-TO-DATE&#10;:app:mergeDebugAssets UP-TO-DATE&#10;:app:processDebugManifest UP-TO-DATE&#10;:app:fabricGenerateResourcesDebug&#10;:app:generateDebugResValues UP-TO-DATE&#10;:app:generateDebugResources&#10;:app:mergeDebugResources&#10;:app:processDebugResources&#10;:app:generateDebugSources&#10;:app:incrementalDebugJavaCompilationSafeguard UP-TO-DATE&#10;:app:compileDebugKotlin UP-TO-DATE&#10;:app:compileDebugJavaWithJavac UP-TO-DATE&#10;:app:compileRetrolambdaDebug UP-TO-DATE&#10;:app:compileDebugNdk UP-TO-DATE&#10;:app:compileDebugSources UP-TO-DATE&#10;:app:prePackageMarkerForDebug&#10;:app:unzipJacocoAgent UP-TO-DATE&#10;:app:transformClassesWithJacocoForDebug UP-TO-DATE&#10;:app:transformClassesWithDexForDebug UP-TO-DATE&#10;:app:mergeDebugJniLibFolders UP-TO-DATE&#10;:app:transformNative_libsWithMergeJniLibsForDebug UP-TO-DATE&#10;:app:processDebugJavaRes UP-TO-DATE&#10;:app:transformResourcesWithMergeJavaResForDebug UP-TO-DATE&#10;:app:validateDebugSigning&#10;:app:packageDebug&#10;:app:zipalignDebug&#10;:app:assembleDebug&#10;:app:checkReleaseManifest&#10;:app:prepareReleaseDependencies&#10;:app:compileReleaseAidl UP-TO-DATE&#10;:app:compileReleaseRenderscript UP-TO-DATE&#10;:app:generateReleaseBuildConfig UP-TO-DATE&#10;:app:mergeReleaseShaders UP-TO-DATE&#10;:app:compileReleaseShaders UP-TO-DATE&#10;:app:generateReleaseAssets UP-TO-DATE&#10;:app:mergeReleaseAssets UP-TO-DATE&#10;:app:processReleaseManifest UP-TO-DATE&#10;:app:fabricGenerateResourcesRelease&#10;:app:generateReleaseResValues UP-TO-DATE&#10;:app:generateReleaseResources&#10;:app:mergeReleaseResources&#10;:app:processReleaseResources&#10;:app:generateReleaseSources&#10;:app:incrementalReleaseJavaCompilationSafeguard UP-TO-DATE&#10;:app:compileReleaseKotlin UP-TO-DATE&#10;:app:compileReleaseJavaWithJavac UP-TO-DATE&#10;:app:compileRetrolambdaRelease UP-TO-DATE&#10;:app:compileReleaseNdk UP-TO-DATE&#10;:app:compileReleaseSources UP-TO-DATE&#10;:app:prePackageMarkerForRelease&#10;:app:transformClassesWithJacocoForRelease UP-TO-DATE&#10;:app:transformClassesWithDexForRelease UP-TO-DATE&#10;:app:mergeReleaseJniLibFolders UP-TO-DATE&#10;:app:transformNative_libsWithMergeJniLibsForRelease UP-TO-DATE&#10;:app:processReleaseJavaRes UP-TO-DATE&#10;:app:transformResourcesWithMergeJavaResForRelease UP-TO-DATE&#10;:app:validateReleaseSigning&#10;:app:packageRelease FAILED&#10;&#10;FAILURE: Build failed with an exception.&#10;&#10;* What went wrong:&#10;Execution failed for task ':app:packageRelease'.&#10;&gt; Failed to read key android-fastlane from store &quot;/Users/simonvergauwen/appfoundry/keystore-vault/android-fastlane/android-fastlane.jks&quot;: Keystore was tampered with, or password was incorrect&#10;&#10;* Try:&#10;Run with --stacktrace option to get the stack trace. Run with --info or --debug option to get more log output.&#10;&#10;BUILD FAILED&#10;&#10;Total time: 2.757 secs&#10;" />
        
      </testcase>
    
  </testsuite>
</testsuites>
